android/build/outputs/mapping/release/seeds.txt
com.mygdx.runai.AndroidLauncher
com.mygdx.runai.AndroidLauncher: AndroidLauncher()
...
androidx.collection.ArrayMap: ArrayMap()
androidx.fragment.app.FragmentActivity: FragmentActivity()
com.google.android.gms.common.api.PendingResult: PendingResult()
androidx.fragment.app.BackStackRecord$Op: BackStackRecord$Op()
com.google.android.gms.common.internal.zzj: zzj()
kotlin.collections.IntIterator: IntIterator()
kotlin.jvm.internal.Intrinsics: Intrinsics()
com.google.android.gms.common.api.Api$AbstractClientBuilder: Api$AbstractClientBuilder()
com.google.firebase.firestore.FirebaseFirestore: void setClientLanguage(java.lang.String)
com.google.firebase.firestore.FirestoreRegistrar: java.util.List getComponents()
androidx.concurrent.futures.AbstractResolvableFuture$Waiter: AbstractResolvableFuture$Waiter()
com.google.android.gms.common.api.internal.zzd: zzd()
androidx.fragment.app.FragmentTransition$FragmentContainerTransition: FragmentTransition$FragmentContainerTransition()
androidx.core.app.CoreComponentFactory: CoreComponentFactory()
androidx.lifecycle.ViewModelStore: ViewModelStore()
com.google.firebase.platforminfo.GlobalLibraryVersionRegistrar: GlobalLibraryVersionRegistrar()
android.support.v4.app.RemoteActionCompatParcelizer: RemoteActionCompatParcelizer()
androidx.core.graphics.drawable.IconCompatParcelizer: void write(androidx.core.graphics.drawable.IconCompat,androidx.versionedparcelable.VersionedParcel)
com.badlogic.gdx.backends.android.AndroidApplication: AndroidApplication()
androidx.core.graphics.drawable.IconCompatParcelizer: androidx.core.graphics.drawable.IconCompat read(androidx.versionedparcelable.VersionedParcel)
com.google.firebase.concurrent.UiExecutor: com.google.firebase.concurrent.UiExecutor valueOf(java.lang.String)
androidx.core.app.RemoteActionCompatParcelizer: void write(androidx.core.app.RemoteActionCompat,androidx.versionedparcelable.VersionedParcel)
androidx.concurrent.futures.AbstractResolvableFuture: AbstractResolvableFuture()
com.google.firebase.concurrent.ExecutorsRegistrar: ExecutorsRegistrar()
com.google.firebase.StartupTime: StartupTime()
androidx.fragment.app.FragmentManagerState: FragmentManagerState()
androidx.loader.app.LoaderManagerImpl$LoaderViewModel: LoaderManagerImpl$LoaderViewModel()
com.google.android.gms.common.GooglePlayServicesMissingManifestValueException: GooglePlayServicesMissingManifestValueException()
com.google.firebase.components.ComponentDiscoveryService: ComponentDiscoveryService()
androidx.collection.ArraySet: ArraySet()
io.grpc.Metadata: Metadata()
androidx.lifecycle.Lifecycle$State: androidx.lifecycle.Lifecycle$State valueOf(java.lang.String)
com.badlogic.gdx.utils.StringBuilder: StringBuilder()
androidx.fragment.app.FragmentManagerImpl: FragmentManagerImpl()
androidx.lifecycle.ViewModel: ViewModel()
android.support.v4.app.RemoteActionCompatParcelizer: androidx.core.app.RemoteActionCompat read(androidx.versionedparcelable.VersionedParcel)
androidx.core.graphics.drawable.IconCompatParcelizer: IconCompatParcelizer()
com.google.android.gms.common.api.GoogleApiActivity: GoogleApiActivity()
androidx.fragment.app.FragmentTransitionImpl: FragmentTransitionImpl()
androidx.versionedparcelable.CustomVersionedParcelable: CustomVersionedParcelable()
com.google.android.gms.common.api.internal.BasePendingResult: BasePendingResult()
androidx.collection.SparseArrayCompat: SparseArrayCompat()
com.google.firebase.platforminfo.LibraryVersion: LibraryVersion()
com.google.firebase.provider.FirebaseInitProvider: FirebaseInitProvider()
android.support.v4.app.RemoteActionCompatParcelizer: void write(androidx.core.app.RemoteActionCompat,androidx.versionedparcelable.VersionedParcel)
androidx.fragment.app.Fragment: Fragment()
com.google.android.gms.dynamite.DynamiteModule$DynamiteLoaderClassLoader: DynamiteModule$DynamiteLoaderClassLoader()
androidx.arch.core.executor.ArchTaskExecutor: ArchTaskExecutor()
androidx.core.app.RemoteActionCompat: RemoteActionCompat()