android/build/outputs/mapping/release/mapping.txt
# compiler: R8
# compiler_version: 4.0.52
# min_api: 21
# common_typos_disable
# {"id":"com.android.tools.r8.mapping","version":"2.1"}
# pg_map_id: 084c4df
# pg_map_hash: SHA-256 084c4df2c79d4e856180f1cdfb559a7d76af8d126d705e01ee69819ebc5c8124
...
com.google.android.gms.common.api.internal.zaae -> com.google.android.gms.common.api.internal.f:
    com.google.android.gms.common.api.internal.GoogleApiManager zae -> g
    androidx.collection.ArraySet zad -> f
    void onResume() -> h
    void onStart() -> j
    void onStop() -> k
    void zab(com.google.android.gms.common.ConnectionResult,int) -> m
    void zac() -> n
    androidx.collection.ArraySet zaa() -> t
    void zad(android.app.Activity,com.google.android.gms.common.api.internal.GoogleApiManager,com.google.android.gms.common.api.internal.ApiKey) -> u
    void zae() -> v
com.google.android.gms.common.api.internal.zaaf -> com.google.android.gms.common.api.internal.g:
    com.google.android.gms.common.api.internal.ApiKey zaa -> a
    com.google.android.gms.tasks.TaskCompletionSource zab -> b
    com.google.android.gms.common.api.internal.ApiKey zaa() -> a
    com.google.android.gms.tasks.TaskCompletionSource zab() -> b
com.google.android.gms.common.api.internal.zaag -> w.k:
    java.lang.String zaa -> b
com.google.android.gms.common.api.internal.zabk -> w.l:
    android.os.Handler zaa -> a
com.google.android.gms.common.api.internal.zabl -> com.google.android.gms.common.api.internal.h:
    com.google.android.gms.common.api.internal.GoogleApiManager zaa -> a
    void onBackgroundStateChanged(boolean) -> a
com.google.android.gms.common.api.internal.zabm -> com.google.android.gms.common.api.internal.i:
    com.google.android.gms.common.api.internal.zabq zaa -> a
com.google.android.gms.common.api.internal.zabn -> com.google.android.gms.common.api.internal.j:
    com.google.android.gms.common.api.internal.zabq zab -> b
    int zaa -> a
com.google.android.gms.common.api.internal.zabo -> com.google.android.gms.common.api.internal.k:
    com.google.android.gms.common.api.internal.zabp zaa -> a
com.google.android.gms.common.api.internal.zabp -> com.google.android.gms.common.api.internal.l:
    com.google.android.gms.common.api.internal.zabq zaa -> a
    void onSignOutComplete() -> a
com.google.android.gms.common.api.internal.zabq -> com.google.android.gms.common.api.internal.m:
    com.google.android.gms.common.api.Api$Client zac -> b
    int zam -> l
    com.google.android.gms.common.api.internal.zaad zae -> d
    boolean zaj -> i
    com.google.android.gms.common.api.internal.GoogleApiManager zaa -> m
    int zah -> g
    com.google.android.gms.common.api.internal.ApiKey zad -> c
    java.util.Set zaf -> e
    java.util.List zak -> j
    com.google.android.gms.common.api.internal.zact zai -> h
    java.util.Queue zab -> a
    java.util.Map zag -> f
    com.google.android.gms.common.ConnectionResult zal -> k
    void zak(com.google.android.gms.common.api.internal.zabq,int) -> A
    void zal(com.google.android.gms.common.api.internal.zabq,com.google.android.gms.common.api.internal.zabs) -> B
    void zam(com.google.android.gms.common.api.internal.zabq,com.google.android.gms.common.api.internal.zabs) -> C
    void zan() -> D
    void zao() -> E
    void zap(com.google.android.gms.common.api.internal.zai) -> F
    void zaq() -> G
    void zar(com.google.android.gms.common.ConnectionResult,java.lang.Exception) -> H
    void zas(com.google.android.gms.common.ConnectionResult) -> I
    void zat(com.google.android.gms.common.api.internal.zal) -> J
    void zau() -> K
    void zav() -> L
    void zaw() -> M
    boolean zax(com.google.android.gms.common.api.internal.zabq,boolean) -> N
    boolean zay() -> O
    boolean zaz() -> P
com.google.android.gms.common.api.internal.zabr -> w.m:
com.google.android.gms.common.api.internal.zabs -> com.google.android.gms.common.api.internal.n:
    com.google.android.gms.common.api.internal.ApiKey zaa -> a
    com.google.android.gms.common.Feature zab -> b
    com.google.android.gms.common.Feature zaa(com.google.android.gms.common.api.internal.zabs) -> a
    com.google.android.gms.common.api.internal.ApiKey zab(com.google.android.gms.common.api.internal.zabs) -> b