android/build/outputs/mapping/release/usage.txt
com.mygdx.runai.AudioVariables
com.mygdx.runai.Blackboard
com.mygdx.runai.BuildConfig
com.mygdx.runai.DataManager
com.mygdx.runai.Leaderboard$1
com.mygdx.runai.Leaderboard
com.mygdx.runai.LeaderboardUI
com.mygdx.runai.LibGDX
com.mygdx.runai.PlayerDataInterface
com.mygdx.runai.R$attr
com.mygdx.runai.R$color
com.mygdx.runai.R$dimen
com.mygdx.runai.R$drawable
com.mygdx.runai.R$id
com.mygdx.runai.R$integer
com.mygdx.runai.R$layout
com.mygdx.runai.R$raw
com.mygdx.runai.R$string
com.mygdx.runai.R$style
com.mygdx.runai.R$styleable
com.mygdx.runai.R
com.mygdx.runai.RunAIInterface
com.mygdx.runai.Scenes.HUD
com.mygdx.runai.Screens.PlayScreen
com.mygdx.runai.SoundInterface
com.mygdx.runai.Sprite
com.mygdx.runai.Test
com.mygdx.runai.WeightedProbablity
com.mygdx.runai.characters.AICharacter
com.mygdx.runai.characters.BaseCharacterClass
com.mygdx.runai.characters.PacerAICharacter
com.mygdx.runai.characters.PlayerCharacter
com.mygdx.runai.gamemodes.Mode
com.mygdx.runai.gamemodes.PacerMode
com.mygdx.runai.gamemodes.RankMode
com.mygdx.runai.states.AISpeedBoost
com.mygdx.runai.states.AudioNode
com.mygdx.runai.states.ChangeSpeedNode
com.mygdx.runai.states.CooldownDecorator
com.mygdx.runai.states.DebugNode
com.mygdx.runai.states.DistanceSpeedBoost
com.mygdx.runai.states.LoadRunNode
com.mygdx.runai.states.MovementNode
com.mygdx.runai.states.SaveRunNode
com.mygdx.runai.states.SpeedIndexCalculator
com.mygdx.runai.states.SucessFailDecorator
com.mygdx.runai.states.TargetValueCalculationNode
...
com.google.common.collect.CompactHashMap$1
com.google.common.collect.CompactHashMap$2
com.google.common.collect.CompactHashMap$3
com.google.common.collect.CompactHashMap$EntrySetView
com.google.common.collect.CompactHashMap$Itr
com.google.common.collect.CompactHashMap$KeySetView
com.google.common.collect.CompactHashMap$MapEntry
com.google.common.collect.CompactHashMap$ValuesView
com.google.common.collect.CompactHashMap
com.google.common.collect.CompactHashSet$1
com.google.common.collect.CompactHashSet
com.google.common.collect.CompactHashing
com.google.common.collect.CompactLinkedHashMap
com.google.common.collect.CompactLinkedHashSet
com.google.common.collect.ComparatorOrdering
com.google.common.collect.Comparators
com.google.common.collect.ComparisonChain$1
com.google.common.collect.ComparisonChain$InactiveComparisonChain
com.google.common.collect.ComparisonChain
com.google.common.collect.CompoundOrdering
com.google.common.collect.ComputationException
com.google.common.collect.ConcurrentHashMultiset$1
com.google.common.collect.ConcurrentHashMultiset$2
com.google.common.collect.ConcurrentHashMultiset$3
com.google.common.collect.ConcurrentHashMultiset$EntrySet
com.google.common.collect.ConcurrentHashMultiset$FieldSettersHolder
com.google.common.collect.ConcurrentHashMultiset
com.google.common.collect.ConsumingQueueIterator
com.google.common.collect.ContiguousSet
com.google.common.collect.Count
com.google.common.collect.Cut$1
com.google.common.collect.Cut$AboveAll
com.google.common.collect.Cut$AboveValue
com.google.common.collect.Cut$BelowAll
com.google.common.collect.Cut$BelowValue
com.google.common.collect.Cut
com.google.common.collect.DenseImmutableTable$1
com.google.common.collect.DenseImmutableTable$Column
com.google.common.collect.DenseImmutableTable$ColumnMap
com.google.common.collect.DenseImmutableTable$ImmutableArrayMap$1
com.google.common.collect.DenseImmutableTable$ImmutableArrayMap
com.google.common.collect.DenseImmutableTable$Row
com.google.common.collect.DenseImmutableTable$RowMap
com.google.common.collect.DenseImmutableTable
com.google.common.collect.DescendingImmutableSortedMultiset
com.google.common.collect.DescendingImmutableSortedSet
com.google.common.collect.DescendingMultiset$1EntrySetImpl
com.google.common.collect.DescendingMultiset
com.google.common.collect.DiscreteDomain$1
com.google.common.collect.DiscreteDomain$BigIntegerDomain
com.google.common.collect.DiscreteDomain$IntegerDomain
com.google.common.collect.DiscreteDomain$LongDomain
com.google.common.collect.DiscreteDomain
com.google.common.collect.ElementTypesAreNonnullByDefault
com.google.common.collect.EmptyContiguousSet$1
com.google.common.collect.EmptyContiguousSet$SerializedForm
com.google.common.collect.EmptyContiguousSet
com.google.common.collect.EmptyImmutableListMultimap
com.google.common.collect.EmptyImmutableSetMultimap
com.google.common.collect.EnumBiMap
com.google.common.collect.EnumHashBiMap
com.google.common.collect.EnumMultiset$1
com.google.common.collect.EnumMultiset$2$1
com.google.common.collect.EnumMultiset$2
com.google.common.collect.EnumMultiset$Itr
com.google.common.collect.EnumMultiset
com.google.common.collect.EvictingQueue
com.google.common.collect.ExplicitOrdering
com.google.common.collect.FilteredEntryMultimap$AsMap$1EntrySetImpl$1
com.google.common.collect.FilteredEntryMultimap$AsMap$1EntrySetImpl
com.google.common.collect.FilteredEntryMultimap$AsMap$1KeySetImpl
com.google.common.collect.FilteredEntryMultimap$AsMap$1ValuesImpl
com.google.common.collect.FilteredEntryMultimap$AsMap
com.google.common.collect.FilteredEntryMultimap$Keys$1
com.google.common.collect.FilteredEntryMultimap$Keys
com.google.common.collect.FilteredEntryMultimap$ValuePredicate
com.google.common.collect.FilteredEntryMultimap
com.google.common.collect.FilteredEntrySetMultimap
com.google.common.collect.FilteredKeyListMultimap
com.google.common.collect.FilteredKeyMultimap$AddRejectingList
com.google.common.collect.FilteredKeyMultimap$AddRejectingSet